Copyright 1986-2022 Xilinx, Inc. All Rights Reserved. Copyright 2022-2024 Advanced Micro Devices, Inc. All Rights Reserved.
---------------------------------------------------------------------------------------------------------------------------------------------
| Tool Version : Vivado v.2024.1 (lin64) Build 5076996 Wed May 22 18:36:09 MDT 2024
| Date         : Sun Dec  1 14:09:49 2024
| Host         : eecs-digital-22 running 64-bit Ubuntu 24.04.1 LTS
| Command      : report_utilization -file design_1_wrapper_utilization_placed.rpt -pb design_1_wrapper_utilization_placed.pb
| Design       : design_1_wrapper
| Device       : xczu48dr-ffvg1517-2-e
| Speed File   : -2
| Design State : Fully Placed
---------------------------------------------------------------------------------------------------------------------------------------------

Utilization Design Information

Table of Contents
-----------------
1. CLB Logic
1.1 Summary of Registers by Type
2. CLB Logic Distribution
3. BLOCKRAM
4. ARITHMETIC
5. I/O
6. CLOCK
7. ADVANCED
8. CONFIGURATION
9. Primitives
10. Black Boxes
11. Instantiated Netlists

1. CLB Logic
------------

+----------------------------+------+-------+------------+-----------+-------+
|          Site Type         | Used | Fixed | Prohibited | Available | Util% |
+----------------------------+------+-------+------------+-----------+-------+
| CLB LUTs                   | 8840 |     0 |          0 |    425280 |  2.08 |
|   LUT as Logic             | 8430 |     0 |          0 |    425280 |  1.98 |
|   LUT as Memory            |  410 |     0 |          0 |    213600 |  0.19 |
|     LUT as Distributed RAM |  232 |     0 |            |           |       |
|     LUT as Shift Register  |  178 |     0 |            |           |       |
| CLB Registers              | 8999 |     0 |          0 |    850560 |  1.06 |
|   Register as Flip Flop    | 8999 |     0 |          0 |    850560 |  1.06 |
|   Register as Latch        |    0 |     0 |          0 |    850560 |  0.00 |
| CARRY8                     |   70 |     0 |          0 |     53160 |  0.13 |
| F7 Muxes                   |   52 |     0 |          0 |    212640 |  0.02 |
| F8 Muxes                   |    0 |     0 |          0 |    106320 |  0.00 |
| F9 Muxes                   |    0 |     0 |          0 |     53160 |  0.00 |
+----------------------------+------+-------+------------+-----------+-------+
* Warning! LUT value is adjusted to account for LUT combining.


1.1 Summary of Registers by Type
--------------------------------

+-------+--------------+-------------+--------------+
| Total | Clock Enable | Synchronous | Asynchronous |
+-------+--------------+-------------+--------------+
| 0     |            _ |           - |            - |
| 0     |            _ |           - |          Set |
| 0     |            _ |           - |        Reset |
| 0     |            _ |         Set |            - |
| 0     |            _ |       Reset |            - |
| 0     |          Yes |           - |            - |
| 66    |          Yes |           - |          Set |
| 156   |          Yes |           - |        Reset |
| 596   |          Yes |         Set |            - |
| 8181  |          Yes |       Reset |            - |
+-------+--------------+-------------+--------------+


2. CLB Logic Distribution
-------------------------

+--------------------------------------------+------+-------+------------+-----------+-------+
|                  Site Type                 | Used | Fixed | Prohibited | Available | Util% |
+--------------------------------------------+------+-------+------------+-----------+-------+
| CLB                                        | 1805 |     0 |          0 |     53160 |  3.40 |
|   CLBL                                     |  831 |     0 |            |           |       |
|   CLBM                                     |  974 |     0 |            |           |       |
| LUT as Logic                               | 8430 |     0 |          0 |    425280 |  1.98 |
|   using O5 output only                     |  251 |       |            |           |       |
|   using O6 output only                     | 6179 |       |            |           |       |
|   using O5 and O6                          | 2000 |       |            |           |       |
| LUT as Memory                              |  410 |     0 |          0 |    213600 |  0.19 |
|   LUT as Distributed RAM                   |  232 |     0 |            |           |       |
|     using O5 output only                   |    0 |       |            |           |       |
|     using O6 output only                   |    8 |       |            |           |       |
|     using O5 and O6                        |  224 |       |            |           |       |
|   LUT as Shift Register                    |  178 |     0 |            |           |       |
|     using O5 output only                   |    0 |       |            |           |       |
|     using O6 output only                   |  143 |       |            |           |       |
|     using O5 and O6                        |   35 |       |            |           |       |
| CLB Registers                              | 8999 |     0 |          0 |    850560 |  1.06 |
|   Register driven from within the CLB      | 4046 |       |            |           |       |
|   Register driven from outside the CLB     | 4953 |       |            |           |       |
|     LUT in front of the register is unused | 2572 |       |            |           |       |
|     LUT in front of the register is used   | 2381 |       |            |           |       |
| Unique Control Sets                        |  614 |       |          0 |    106320 |  0.58 |
+--------------------------------------------+------+-------+------------+-----------+-------+
* * Note: Available Control Sets calculated as Slices * 2, Review the Control Sets Report for more information regarding control sets.


3. BLOCKRAM
-----------

+-------------------+------+-------+------------+-----------+-------+
|     Site Type     | Used | Fixed | Prohibited | Available | Util% |
+-------------------+------+-------+------------+-----------+-------+
| Block RAM Tile    |    2 |     0 |          0 |      1080 |  0.19 |
|   RAMB36/FIFO*    |    2 |     0 |          0 |      1080 |  0.19 |
|     RAMB36E2 only |    2 |       |            |           |       |
|   RAMB18          |    0 |     0 |          0 |      2160 |  0.00 |
| URAM              |    0 |     0 |          0 |        80 |  0.00 |
+-------------------+------+-------+------------+-----------+-------+
* Note: Each Block RAM Tile only has one FIFO logic available and therefore can accommodate only one FIFO36E2 or one FIFO18E2. However, if a FIFO18E2 occupies a Block RAM Tile, that tile can still accommodate a RAMB18E2


4. ARITHMETIC
-------------

+-----------+------+-------+------------+-----------+-------+
| Site Type | Used | Fixed | Prohibited | Available | Util% |
+-----------+------+-------+------------+-----------+-------+
| DSPs      |    0 |     0 |          0 |      4272 |  0.00 |
+-----------+------+-------+------------+-----------+-------+


5. I/O
------

+------------------+------+-------+------------+-----------+-------+
|     Site Type    | Used | Fixed | Prohibited | Available | Util% |
+------------------+------+-------+------------+-----------+-------+
| Bonded IOB       |    4 |     4 |          0 |       347 |  1.15 |
| HPIOB_M          |    2 |     2 |          0 |       138 |  1.45 |
|   INPUT          |    2 |       |            |           |       |
|   OUTPUT         |    0 |       |            |           |       |
|   BIDIR          |    0 |       |            |           |       |
| HPIOB_S          |    2 |     2 |          0 |       138 |  1.45 |
|   INPUT          |    2 |       |            |           |       |
|   OUTPUT         |    0 |       |            |           |       |
|   BIDIR          |    0 |       |            |           |       |
| HDIOB_M          |    0 |     0 |          0 |        24 |  0.00 |
| HDIOB_S          |    0 |     0 |          0 |        24 |  0.00 |
| HPIOB_SNGL       |    0 |     0 |          0 |        23 |  0.00 |
| HPIOBDIFFINBUF   |    0 |     0 |          0 |       192 |  0.00 |
| HPIOBDIFFOUTBUF  |    0 |     0 |          0 |       192 |  0.00 |
| HDIOBDIFFINBUF   |    0 |     0 |          0 |        72 |  0.00 |
| BITSLICE_CONTROL |    0 |     0 |          0 |        64 |  0.00 |
| BITSLICE_RX_TX   |    0 |     0 |          0 |      2496 |  0.00 |
| BITSLICE_TX      |    0 |     0 |          0 |        64 |  0.00 |
| RIU_OR           |    0 |     0 |          0 |        32 |  0.00 |
| RF_ADC           |    0 |     0 |          4 |         4 |  0.00 |
| RF_DAC           |    0 |     0 |          4 |         4 |  0.00 |
+------------------+------+-------+------------+-----------+-------+


6. CLOCK
--------

+------------+------+-------+------------+-----------+-------+
|  Site Type | Used | Fixed | Prohibited | Available | Util% |
+------------+------+-------+------------+-----------+-------+
| BUFGCE     |    1 |     0 |          0 |       216 |  0.46 |
| BUFGCE_DIV |    0 |     0 |          0 |        32 |  0.00 |
| BUFG_GT    |    1 |     0 |          0 |       312 |  0.32 |
| BUFG_PS    |    1 |     0 |          0 |        72 |  1.39 |
| BUFGCTRL*  |    0 |     0 |          0 |        64 |  0.00 |
| PLL        |    0 |     0 |          0 |        16 |  0.00 |
| MMCM       |    1 |     0 |          0 |         8 | 12.50 |
+------------+------+-------+------------+-----------+-------+
* Note: Each used BUFGCTRL counts as two GLOBAL CLOCK BUFFERs. This table does not include global clocking resources, only buffer cell usage. See the Clock Utilization Report (report_clock_utilization) for detailed accounting of global clocking resource availability.


7. ADVANCED
-----------

+-----------------+------+-------+------------+-----------+--------+
|    Site Type    | Used | Fixed | Prohibited | Available |  Util% |
+-----------------+------+-------+------------+-----------+--------+
| CMACE4          |    0 |     0 |          0 |         2 |   0.00 |
| FE              |    0 |     0 |          0 |         8 |   0.00 |
| GTYE4_CHANNEL   |    0 |     0 |          0 |        16 |   0.00 |
| GTYE4_COMMON    |    0 |     0 |          0 |         4 |   0.00 |
| ILKNE4          |    0 |     0 |          0 |         1 |   0.00 |
| OBUFDS_GTE4     |    0 |     0 |          0 |         8 |   0.00 |
| OBUFDS_GTE4_ADV |    0 |     0 |          0 |         8 |   0.00 |
| PCIE4CE4        |    0 |     0 |          0 |         2 |   0.00 |
| PS8             |    1 |     0 |          0 |         1 | 100.00 |
| RFADC           |    4 |     4 |          0 |         4 | 100.00 |
| RFDAC           |    4 |     4 |          0 |         4 | 100.00 |
| SYSMONE4        |    0 |     0 |          0 |         1 |   0.00 |
| RFADC_13B4W_M0  |    0 |     0 |          0 |         4 |   0.00 |
+-----------------+------+-------+------------+-----------+--------+


8. CONFIGURATION
----------------

+-------------+------+-------+------------+-----------+-------+
|  Site Type  | Used | Fixed | Prohibited | Available | Util% |
+-------------+------+-------+------------+-----------+-------+
| BSCANE2     |    0 |     0 |          0 |         4 |  0.00 |
| DNA_PORTE2  |    0 |     0 |          0 |         1 |  0.00 |
| EFUSE_USR   |    0 |     0 |          0 |         1 |  0.00 |
| FRAME_ECCE4 |    0 |     0 |          0 |         1 |  0.00 |
| ICAPE3      |    0 |     0 |          0 |         2 |  0.00 |
| MASTER_JTAG |    0 |     0 |          0 |         1 |  0.00 |
| STARTUPE3   |    0 |     0 |          0 |         1 |  0.00 |
+-------------+------+-------+------------+-----------+-------+


9. Primitives
-------------

+--------------+------+---------------------+
|   Ref Name   | Used | Functional Category |
+--------------+------+---------------------+
| FDRE         | 8181 |            Register |
| LUT6         | 3781 |                 CLB |
| LUT5         | 1922 |                 CLB |
| LUT4         | 1637 |                 CLB |
| LUT3         | 1567 |                 CLB |
| LUT2         | 1176 |                 CLB |
| FDSE         |  596 |            Register |
| RAMD32       |  398 |                 CLB |
| LUT1         |  347 |                 CLB |
| FDCE         |  156 |            Register |
| SRL16E       |  143 |                 CLB |
| SRLC32E      |   70 |                 CLB |
| CARRY8       |   70 |                 CLB |
| FDPE         |   66 |            Register |
| RAMS32       |   58 |                 CLB |
| MUXF7        |   52 |                 CLB |
| RFDAC        |    4 |            Advanced |
| RFADC        |    4 |            Advanced |
| INBUF        |    4 |                 I/O |
| IBUFCTRL     |    4 |              Others |
| RAMB36E2     |    2 |            BLOCKRAM |
| PS8          |    1 |            Advanced |
| MMCME4_ADV   |    1 |               Clock |
| BUFG_PS      |    1 |               Clock |
| BUFG_GT_SYNC |    1 |               Clock |
| BUFG_GT      |    1 |               Clock |
| BUFGCE       |    1 |               Clock |
+--------------+------+---------------------+


10. Black Boxes
---------------

+----------+------+
| Ref Name | Used |
+----------+------+


11. Instantiated Netlists
-------------------------

+------------------------------------+------+
|              Ref Name              | Used |
+------------------------------------+------+
| design_1_zynq_ultra_ps_e_0_0       |    1 |
| design_1_xbar_0                    |    1 |
| design_1_usp_rf_data_converter_0_0 |    1 |
| design_1_rst_ps8_0_99M_0           |    1 |
| design_1_proc_sys_reset_0_0        |    1 |
| design_1_clk_wiz_0_0               |    1 |
| design_1_axis_data_fifo_0_0        |    1 |
| design_1_axi_smc_0                 |    1 |
| design_1_axi_dma_0_0               |    1 |
| design_1_auto_pc_1                 |    1 |
| design_1_auto_pc_0                 |    1 |
| design_1_auto_ds_1                 |    1 |
| design_1_auto_ds_0                 |    1 |
| design_1_TLAST_GEN_0_0             |    1 |
+------------------------------------+------+


